<?xml version="1.0" encoding="UTF-8"?>
<robot generator="Robot 5.0.1 (Python 3.10.5 on win32)" generated="20220915 11:01:03.199" rpa="false" schemaversion="3">
<suite id="s1" name="TestCases" source="D:\Flipkart_Launchpad\Tests\TestCases.robot">
<test id="s1-t1" name="User should be able to search a product" line="8">
<kw name="Given Open flipkart Website" library="Instructions">
<kw name="Open Browser" library="Zoomba.GUILibrary">
<arg>${URL}</arg>
<arg>${Browser}</arg>
<doc>Opens a new browser instance to the optional ``url``.</doc>
<msg timestamp="20220915 11:01:03.668" level="INFO">Opening browser 'chrome' to base url 'https://www.flipkart.com/'.</msg>
<status status="PASS" starttime="20220915 11:01:03.667" endtime="20220915 11:01:10.743"/>
</kw>
<kw name="Maximize Browser Window" library="Zoomba.GUILibrary">
<doc>Maximizes current browser window.</doc>
<status status="PASS" starttime="20220915 11:01:10.743" endtime="20220915 11:01:11.061"/>
</kw>
<kw name="Click Button" library="Zoomba.GUILibrary">
<arg>${cross}</arg>
<doc>Clicks the button identified by ``locator``.</doc>
<msg timestamp="20220915 11:01:11.063" level="INFO">Clicking button 'xpath://*[@class="_2KpZ6l _2doB4z"]'.</msg>
<status status="PASS" starttime="20220915 11:01:11.061" endtime="20220915 11:01:11.441"/>
</kw>
<status status="PASS" starttime="20220915 11:01:03.667" endtime="20220915 11:01:11.441"/>
</kw>
<kw name="AND User Searchs For A Product" library="Instructions">
<kw name="Input Text" library="Zoomba.GUILibrary">
<arg>${searchbar}</arg>
<arg>${product}</arg>
<doc>Types the given ``text`` into the text field identified by ``locator``.</doc>
<msg timestamp="20220915 11:01:11.457" level="INFO">Typing text 'Iphone 12 mini' into text field 'xpath://*[@class="_3704LK"]'.</msg>
<status status="PASS" starttime="20220915 11:01:11.456" endtime="20220915 11:01:11.972"/>
</kw>
<kw name="Sleep" library="BuiltIn">
<arg>3s</arg>
<doc>Pauses the test executed for the given time.</doc>
<msg timestamp="20220915 11:01:14.973" level="INFO">Slept 3 seconds</msg>
<status status="PASS" starttime="20220915 11:01:11.973" endtime="20220915 11:01:14.973"/>
</kw>
<kw name="Click Element" library="Zoomba.GUILibrary">
<arg>${Entersearch}</arg>
<doc>Click the element identified by ``locator``.</doc>
<msg timestamp="20220915 11:01:14.973" level="INFO">Clicking element 'xpath://*[@class="L0Z3Pu"]'.</msg>
<status status="PASS" starttime="20220915 11:01:14.973" endtime="20220915 11:01:15.100"/>
</kw>
<kw name="Sleep" library="BuiltIn">
<arg>3s</arg>
<doc>Pauses the test executed for the given time.</doc>
<msg timestamp="20220915 11:01:18.103" level="INFO">Slept 3 seconds</msg>
<status status="PASS" starttime="20220915 11:01:15.101" endtime="20220915 11:01:18.103"/>
</kw>
<status status="PASS" starttime="20220915 11:01:11.455" endtime="20220915 11:01:18.103"/>
</kw>
<kw name="AND User Should Scroll to 6th Element" library="Instructions">
<kw name="Scroll Element Into View" library="Zoomba.GUILibrary">
<arg>${Device}</arg>
<doc>Scrolls the element identified by ``locator`` into view.</doc>
<status status="PASS" starttime="20220915 11:01:18.104" endtime="20220915 11:01:18.419"/>
</kw>
<status status="PASS" starttime="20220915 11:01:18.104" endtime="20220915 11:01:18.419"/>
</kw>
<kw name="Then User Clicks That Element" library="Instructions">
<kw name="Click Element" library="Zoomba.GUILibrary">
<arg>${Device}</arg>
<doc>Click the element identified by ``locator``.</doc>
<msg timestamp="20220915 11:01:18.421" level="INFO">Clicking element 'xpath://div[normalize-space()='APPLE iPhone 12 Mini (White, 128 GB)']'.</msg>
<status status="PASS" starttime="20220915 11:01:18.421" endtime="20220915 11:01:18.571"/>
</kw>
<kw name="Sleep" library="BuiltIn">
<arg>3s</arg>
<doc>Pauses the test executed for the given time.</doc>
<msg timestamp="20220915 11:01:21.575" level="INFO">Slept 3 seconds</msg>
<status status="PASS" starttime="20220915 11:01:18.571" endtime="20220915 11:01:21.575"/>
</kw>
<status status="PASS" starttime="20220915 11:01:18.420" endtime="20220915 11:01:21.576"/>
</kw>
<kw name="Then User Add's To Cart" library="Instructions">
<kw name="Switch Window" library="Zoomba.GUILibrary">
<arg>New</arg>
<doc>Switches to browser window matching ``locator``.</doc>
<status status="PASS" starttime="20220915 11:01:21.577" endtime="20220915 11:01:21.585"/>
</kw>
<kw name="Click Element" library="Zoomba.GUILibrary">
<arg>${addtocart}</arg>
<doc>Click the element identified by ``locator``.</doc>
<msg timestamp="20220915 11:01:21.586" level="INFO">Clicking element 'xpath://*[@class='_2KpZ6l _2U9uOA _3v1-ww']'.</msg>
<status status="PASS" starttime="20220915 11:01:21.585" endtime="20220915 11:01:25.893"/>
</kw>
<status status="PASS" starttime="20220915 11:01:21.577" endtime="20220915 11:01:25.893"/>
</kw>
<kw name="Then User Verify The Item" library="Instructions">
<kw name="Page Should Contain" library="Zoomba.GUILibrary">
<arg>${Desired Device}</arg>
<doc>Verifies that current page contains ``text``.</doc>
<msg timestamp="20220915 11:01:26.401" level="INFO">Current page contains text 'APPLE iPhone 12 Mini (White, 128 GB)'.</msg>
<status status="PASS" starttime="20220915 11:01:25.910" endtime="20220915 11:01:26.401"/>
</kw>
<kw name="Close Browser" library="Zoomba.GUILibrary">
<doc>Closes the current browser.</doc>
<status status="PASS" starttime="20220915 11:01:26.402" endtime="20220915 11:01:29.008"/>
</kw>
<status status="PASS" starttime="20220915 11:01:25.909" endtime="20220915 11:01:29.010"/>
</kw>
<status status="PASS" starttime="20220915 11:01:03.666" endtime="20220915 11:01:29.012"/>
</test>
<status status="PASS" starttime="20220915 11:01:03.201" endtime="20220915 11:01:29.017"/>
</suite>
<statistics>
<total>
<stat pass="1" fail="0" skip="0">All Tests</stat>
</total>
<tag>
</tag>
<suite>
<stat pass="1" fail="0" skip="0" id="s1" name="TestCases">TestCases</stat>
</suite>
</statistics>
<errors>
</errors>
</robot>
